<?xml version="1.0" encoding="UTF-8"?>
<!-- Generated by org.testng.reporters.JUnitXMLReporter -->
<testsuite hostname="LAPTOP-JEI8AS0O" ignored="0" name="Test - Chrome" tests="7" failures="1" timestamp="2020-10-17T16:04:28 EDT" time="73.267" errors="0">
  <testcase name="getLocakSystemtime" time="6.275" classname="tests.SystemInfoTest"/>
  <testcase name="getOSInfo" time="4.851" classname="tests.SystemInfoTest"/>
  <testcase name="getLocakSystemtimeSingleBrowser" time="0.4" classname="tests.SystemInfoTestOneBrowser"/>
  <testcase name="getOSInfoSingleBrowsr" time="0.367" classname="tests.SystemInfoTestOneBrowser"/>
  <testcase name="Three" time="0.014" classname="tests.TestScenarioOne">
    <failure type="java.lang.AssertionError" message="expected [true] but found [false]">
      <![CDATA[java.lang.AssertionError: expected [true] but found [false]
at tests.TestScenarioOne.Three(TestScenarioOne.java:48)
at java.util.concurrent.ThreadPoolExecutor.runWorker(ThreadPoolExecutor.java:1149)
at java.util.concurrent.ThreadPoolExecutor$Worker.run(ThreadPoolExecutor.java:624)
at java.lang.Thread.run(Thread.java:748)
... Removed 16 stack frames]]>
    </failure>
  </testcase> <!-- Three -->
  <testcase name="testcaseOne" time="3.844" classname="tests.TestScenarioOne"/>
  <testcase name="testCaseTwo" time="3.726" classname="tests.TestScenarioOne"/>
</testsuite> <!-- Test - Chrome -->
