<?xml version="1.0" encoding="UTF-8"?>
<!-- Generated by org.testng.reporters.JUnitXMLReporter -->
<testsuite hostname="LAPTOP-JEI8AS0O" ignored="0" name="Test" tests="7" failures="1" timestamp="2020-10-17T15:46:46 EDT" time="70.555" errors="0">
  <testcase name="Three" time="0.009" classname="tests.TestScenarioOne">
    <failure type="java.lang.AssertionError" message="expected [true] but found [false]">
      <![CDATA[java.lang.AssertionError: expected [true] but found [false]
at tests.TestScenarioOne.Three(TestScenarioOne.java:47)
at java.util.ArrayList.forEach(ArrayList.java:1257)
... Removed 35 stack frames]]>
    </failure>
  </testcase> <!-- Three -->
  <testcase name="testcaseOne" time="3.439" classname="tests.TestScenarioOne"/>
  <testcase name="testCaseTwo" time="3.205" classname="tests.TestScenarioOne"/>
  <testcase name="getLocakSystemtime" time="4.869" classname="tests.SystemInfoTest"/>
  <testcase name="getOSInfo" time="4.715" classname="tests.SystemInfoTest"/>
  <testcase name="getLocakSystemtimeSingleBrowser" time="0.401" classname="tests.SystemInfoTestOneBrowser"/>
  <testcase name="getOSInfoSingleBrowsr" time="0.368" classname="tests.SystemInfoTestOneBrowser"/>
</testsuite> <!-- Test -->
